<?xml version="1.0" encoding="UTF-8"?>
<!-- Generated by org.testng.reporters.JUnitReportReporter -->
<testsuite skipped="0" hostname="CND64235B3" name="com.test.mathFunctions" tests="1" failures="0" timestamp="2021-04-30T09:18:41 EDT" time="0.010" errors="0">
  <testcase name="googelTitleTest" time="0.010" classname="com.test.mathFunctions"/>
</testsuite> <!-- com.test.mathFunctions -->
